[2025-03-28T11:04:55.080+0000] {processor.py:186} INFO - Started process (PID=56) to work on /opt/airflow/dags/finance_dag.py
[2025-03-28T11:04:55.081+0000] {processor.py:914} INFO - Processing file /opt/airflow/dags/finance_dag.py for tasks to queue
[2025-03-28T11:04:55.084+0000] {logging_mixin.py:190} INFO - [2025-03-28T11:04:55.083+0000] {dagbag.py:588} INFO - Filling up the DagBag from /opt/airflow/dags/finance_dag.py
[2025-03-28T11:04:56.506+0000] {processor.py:925} INFO - DAG(s) 'mag7_stocks_etl' retrieved from /opt/airflow/dags/finance_dag.py
[2025-03-28T11:04:56.659+0000] {logging_mixin.py:190} INFO - [2025-03-28T11:04:56.659+0000] {dag.py:3239} INFO - Sync 1 DAGs
[2025-03-28T11:04:56.691+0000] {logging_mixin.py:190} INFO - [2025-03-28T11:04:56.690+0000] {dag.py:4180} INFO - Setting next_dagrun for mag7_stocks_etl to 2025-03-28 11:03:00+00:00, run_after=2025-03-28 11:04:00+00:00
[2025-03-28T11:04:56.920+0000] {processor.py:208} INFO - Processing /opt/airflow/dags/finance_dag.py took 1.846 seconds
[2025-03-28T11:05:27.290+0000] {processor.py:186} INFO - Started process (PID=78) to work on /opt/airflow/dags/finance_dag.py
[2025-03-28T11:05:27.291+0000] {processor.py:914} INFO - Processing file /opt/airflow/dags/finance_dag.py for tasks to queue
[2025-03-28T11:05:27.294+0000] {logging_mixin.py:190} INFO - [2025-03-28T11:05:27.294+0000] {dagbag.py:588} INFO - Filling up the DagBag from /opt/airflow/dags/finance_dag.py
[2025-03-28T11:05:27.800+0000] {processor.py:925} INFO - DAG(s) 'mag7_stocks_etl' retrieved from /opt/airflow/dags/finance_dag.py
[2025-03-28T11:05:27.833+0000] {logging_mixin.py:190} INFO - [2025-03-28T11:05:27.832+0000] {dag.py:3239} INFO - Sync 1 DAGs
[2025-03-28T11:05:27.871+0000] {logging_mixin.py:190} INFO - [2025-03-28T11:05:27.871+0000] {dag.py:4180} INFO - Setting next_dagrun for mag7_stocks_etl to 2025-03-28 11:04:00+00:00, run_after=2025-03-28 11:05:00+00:00
[2025-03-28T11:05:27.595+0000] {processor.py:208} INFO - Processing /opt/airflow/dags/finance_dag.py took 0.808 seconds
[2025-03-28T11:05:58.294+0000] {processor.py:186} INFO - Started process (PID=81) to work on /opt/airflow/dags/finance_dag.py
[2025-03-28T11:05:58.295+0000] {processor.py:914} INFO - Processing file /opt/airflow/dags/finance_dag.py for tasks to queue
[2025-03-28T11:05:58.297+0000] {logging_mixin.py:190} INFO - [2025-03-28T11:05:58.297+0000] {dagbag.py:588} INFO - Filling up the DagBag from /opt/airflow/dags/finance_dag.py
[2025-03-28T11:05:58.778+0000] {processor.py:925} INFO - DAG(s) 'mag7_stocks_etl' retrieved from /opt/airflow/dags/finance_dag.py
[2025-03-28T11:05:58.806+0000] {logging_mixin.py:190} INFO - [2025-03-28T11:05:58.806+0000] {dag.py:3239} INFO - Sync 1 DAGs
[2025-03-28T11:05:58.836+0000] {logging_mixin.py:190} INFO - [2025-03-28T11:05:58.836+0000] {dag.py:4180} INFO - Setting next_dagrun for mag7_stocks_etl to 2025-03-28 11:04:00+00:00, run_after=2025-03-28 11:05:00+00:00
[2025-03-28T11:05:59.078+0000] {processor.py:208} INFO - Processing /opt/airflow/dags/finance_dag.py took 0.790 seconds
[2025-03-28T11:06:49.379+0000] {processor.py:186} INFO - Started process (PID=131) to work on /opt/airflow/dags/finance_dag.py
[2025-03-28T11:06:49.380+0000] {processor.py:914} INFO - Processing file /opt/airflow/dags/finance_dag.py for tasks to queue
[2025-03-28T11:06:49.383+0000] {logging_mixin.py:190} INFO - [2025-03-28T11:06:49.383+0000] {dagbag.py:588} INFO - Filling up the DagBag from /opt/airflow/dags/finance_dag.py
[2025-03-28T11:06:49.878+0000] {processor.py:925} INFO - DAG(s) 'mag7_stocks_etl' retrieved from /opt/airflow/dags/finance_dag.py
[2025-03-28T11:06:49.908+0000] {logging_mixin.py:190} INFO - [2025-03-28T11:06:49.907+0000] {dag.py:3239} INFO - Sync 1 DAGs
[2025-03-28T11:06:49.942+0000] {logging_mixin.py:190} INFO - [2025-03-28T11:06:49.942+0000] {dag.py:4180} INFO - Setting next_dagrun for mag7_stocks_etl to 2025-03-28 11:06:00+00:00, run_after=2025-03-28 11:07:00+00:00
[2025-03-28T11:06:50.143+0000] {processor.py:208} INFO - Processing /opt/airflow/dags/finance_dag.py took 0.770 seconds
[2025-03-28T11:07:10.589+0000] {processor.py:186} INFO - Started process (PID=169) to work on /opt/airflow/dags/finance_dag.py
[2025-03-28T11:07:10.590+0000] {processor.py:914} INFO - Processing file /opt/airflow/dags/finance_dag.py for tasks to queue
[2025-03-28T11:07:10.593+0000] {logging_mixin.py:190} INFO - [2025-03-28T11:07:10.592+0000] {dagbag.py:588} INFO - Filling up the DagBag from /opt/airflow/dags/finance_dag.py
[2025-03-28T11:07:11.084+0000] {processor.py:925} INFO - DAG(s) 'mag7_stocks_etl' retrieved from /opt/airflow/dags/finance_dag.py
[2025-03-28T11:07:11.239+0000] {logging_mixin.py:190} INFO - [2025-03-28T11:07:11.238+0000] {dag.py:3239} INFO - Sync 1 DAGs
[2025-03-28T11:07:11.269+0000] {logging_mixin.py:190} INFO - [2025-03-28T11:07:11.269+0000] {dag.py:4180} INFO - Setting next_dagrun for mag7_stocks_etl to 2025-03-28 11:06:00+00:00, run_after=2025-03-28 11:07:00+00:00
[2025-03-28T11:07:11.509+0000] {processor.py:208} INFO - Processing /opt/airflow/dags/finance_dag.py took 0.927 seconds
[2025-03-28T11:07:42.575+0000] {processor.py:186} INFO - Started process (PID=219) to work on /opt/airflow/dags/finance_dag.py
[2025-03-28T11:07:42.576+0000] {processor.py:914} INFO - Processing file /opt/airflow/dags/finance_dag.py for tasks to queue
[2025-03-28T11:07:42.578+0000] {logging_mixin.py:190} INFO - [2025-03-28T11:07:42.578+0000] {dagbag.py:588} INFO - Filling up the DagBag from /opt/airflow/dags/finance_dag.py
[2025-03-28T11:07:43.097+0000] {processor.py:925} INFO - DAG(s) 'mag7_stocks_etl' retrieved from /opt/airflow/dags/finance_dag.py
[2025-03-28T11:07:42.664+0000] {logging_mixin.py:190} INFO - [2025-03-28T11:07:42.663+0000] {dag.py:3239} INFO - Sync 1 DAGs
[2025-03-28T11:07:42.699+0000] {logging_mixin.py:190} INFO - [2025-03-28T11:07:42.699+0000] {dag.py:4180} INFO - Setting next_dagrun for mag7_stocks_etl to 2025-03-28 11:07:00+00:00, run_after=2025-03-28 11:08:00+00:00
[2025-03-28T11:07:42.878+0000] {processor.py:208} INFO - Processing /opt/airflow/dags/finance_dag.py took 0.808 seconds
[2025-03-28T11:07:49.883+0000] {processor.py:186} INFO - Started process (PID=233) to work on /opt/airflow/dags/finance_dag.py
[2025-03-28T11:07:49.884+0000] {processor.py:914} INFO - Processing file /opt/airflow/dags/finance_dag.py for tasks to queue
[2025-03-28T11:07:49.887+0000] {logging_mixin.py:190} INFO - [2025-03-28T11:07:49.886+0000] {dagbag.py:588} INFO - Filling up the DagBag from /opt/airflow/dags/finance_dag.py
[2025-03-28T11:07:50.388+0000] {processor.py:925} INFO - DAG(s) 'mag7_stocks_etl' retrieved from /opt/airflow/dags/finance_dag.py
[2025-03-28T11:07:50.540+0000] {logging_mixin.py:190} INFO - [2025-03-28T11:07:50.540+0000] {dag.py:3239} INFO - Sync 1 DAGs
[2025-03-28T11:07:50.568+0000] {logging_mixin.py:190} INFO - [2025-03-28T11:07:50.568+0000] {dag.py:4180} INFO - Setting next_dagrun for mag7_stocks_etl to 2025-03-28 11:05:00+00:00, run_after=2025-03-28 11:10:00+00:00
[2025-03-28T11:07:50.774+0000] {processor.py:208} INFO - Processing /opt/airflow/dags/finance_dag.py took 0.898 seconds
[2025-03-28T11:07:52.168+0000] {processor.py:186} INFO - Started process (PID=235) to work on /opt/airflow/dags/finance_dag.py
[2025-03-28T11:07:52.169+0000] {processor.py:914} INFO - Processing file /opt/airflow/dags/finance_dag.py for tasks to queue
[2025-03-28T11:07:52.171+0000] {logging_mixin.py:190} INFO - [2025-03-28T11:07:52.171+0000] {dagbag.py:588} INFO - Filling up the DagBag from /opt/airflow/dags/finance_dag.py
[2025-03-28T11:07:52.821+0000] {processor.py:925} INFO - DAG(s) 'mag7_stocks_etl' retrieved from /opt/airflow/dags/finance_dag.py
[2025-03-28T11:07:52.975+0000] {logging_mixin.py:190} INFO - [2025-03-28T11:07:52.974+0000] {dag.py:3239} INFO - Sync 1 DAGs
[2025-03-28T11:07:52.676+0000] {logging_mixin.py:190} INFO - [2025-03-28T11:07:52.675+0000] {dag.py:4180} INFO - Setting next_dagrun for mag7_stocks_etl to 2025-03-28 11:05:00+00:00, run_after=2025-03-28 11:10:00+00:00
[2025-03-28T11:07:52.883+0000] {processor.py:208} INFO - Processing /opt/airflow/dags/finance_dag.py took 1.224 seconds
[2025-03-28T11:07:54.094+0000] {processor.py:186} INFO - Started process (PID=237) to work on /opt/airflow/dags/finance_dag.py
[2025-03-28T11:07:54.095+0000] {processor.py:914} INFO - Processing file /opt/airflow/dags/finance_dag.py for tasks to queue
[2025-03-28T11:07:54.098+0000] {logging_mixin.py:190} INFO - [2025-03-28T11:07:54.097+0000] {dagbag.py:588} INFO - Filling up the DagBag from /opt/airflow/dags/finance_dag.py
[2025-03-28T11:07:54.649+0000] {processor.py:925} INFO - DAG(s) 'mag7_stocks_etl' retrieved from /opt/airflow/dags/finance_dag.py
[2025-03-28T11:07:55.459+0000] {logging_mixin.py:190} INFO - [2025-03-28T11:07:55.458+0000] {dag.py:3239} INFO - Sync 1 DAGs
[2025-03-28T11:07:55.639+0000] {logging_mixin.py:190} INFO - [2025-03-28T11:07:55.638+0000] {dag.py:4180} INFO - Setting next_dagrun for mag7_stocks_etl to 2025-03-28 11:05:00+00:00, run_after=2025-03-28 11:10:00+00:00
[2025-03-28T11:07:55.829+0000] {processor.py:208} INFO - Processing /opt/airflow/dags/finance_dag.py took 1.740 seconds
[2025-03-28T11:08:26.481+0000] {processor.py:186} INFO - Started process (PID=239) to work on /opt/airflow/dags/finance_dag.py
[2025-03-28T11:08:26.482+0000] {processor.py:914} INFO - Processing file /opt/airflow/dags/finance_dag.py for tasks to queue
[2025-03-28T11:08:26.484+0000] {logging_mixin.py:190} INFO - [2025-03-28T11:08:26.484+0000] {dagbag.py:588} INFO - Filling up the DagBag from /opt/airflow/dags/finance_dag.py
[2025-03-28T11:08:26.977+0000] {processor.py:925} INFO - DAG(s) 'mag7_stocks_etl' retrieved from /opt/airflow/dags/finance_dag.py
[2025-03-28T11:08:27.005+0000] {logging_mixin.py:190} INFO - [2025-03-28T11:08:27.005+0000] {dag.py:3239} INFO - Sync 1 DAGs
[2025-03-28T11:08:27.034+0000] {logging_mixin.py:190} INFO - [2025-03-28T11:08:27.034+0000] {dag.py:4180} INFO - Setting next_dagrun for mag7_stocks_etl to 2025-03-28 11:05:00+00:00, run_after=2025-03-28 11:10:00+00:00
[2025-03-28T11:08:27.247+0000] {processor.py:208} INFO - Processing /opt/airflow/dags/finance_dag.py took 0.772 seconds
[2025-03-28T11:08:57.742+0000] {processor.py:186} INFO - Started process (PID=241) to work on /opt/airflow/dags/finance_dag.py
[2025-03-28T11:08:57.743+0000] {processor.py:914} INFO - Processing file /opt/airflow/dags/finance_dag.py for tasks to queue
[2025-03-28T11:08:57.746+0000] {logging_mixin.py:190} INFO - [2025-03-28T11:08:57.745+0000] {dagbag.py:588} INFO - Filling up the DagBag from /opt/airflow/dags/finance_dag.py
[2025-03-28T11:08:58.143+0000] {processor.py:925} INFO - DAG(s) 'mag7_stocks_etl' retrieved from /opt/airflow/dags/finance_dag.py
[2025-03-28T11:08:58.170+0000] {logging_mixin.py:190} INFO - [2025-03-28T11:08:58.169+0000] {dag.py:3239} INFO - Sync 1 DAGs
[2025-03-28T11:08:58.199+0000] {logging_mixin.py:190} INFO - [2025-03-28T11:08:58.199+0000] {dag.py:4180} INFO - Setting next_dagrun for mag7_stocks_etl to 2025-03-28 11:05:00+00:00, run_after=2025-03-28 11:10:00+00:00
[2025-03-28T11:08:58.442+0000] {processor.py:208} INFO - Processing /opt/airflow/dags/finance_dag.py took 0.820 seconds
[2025-03-28T11:09:29.809+0000] {processor.py:186} INFO - Started process (PID=243) to work on /opt/airflow/dags/finance_dag.py
[2025-03-28T11:09:29.810+0000] {processor.py:914} INFO - Processing file /opt/airflow/dags/finance_dag.py for tasks to queue
[2025-03-28T11:09:29.812+0000] {logging_mixin.py:190} INFO - [2025-03-28T11:09:29.812+0000] {dagbag.py:588} INFO - Filling up the DagBag from /opt/airflow/dags/finance_dag.py
[2025-03-28T11:09:30.280+0000] {processor.py:925} INFO - DAG(s) 'mag7_stocks_etl' retrieved from /opt/airflow/dags/finance_dag.py
[2025-03-28T11:09:30.307+0000] {logging_mixin.py:190} INFO - [2025-03-28T11:09:30.307+0000] {dag.py:3239} INFO - Sync 1 DAGs
[2025-03-28T11:09:30.336+0000] {logging_mixin.py:190} INFO - [2025-03-28T11:09:30.336+0000] {dag.py:4180} INFO - Setting next_dagrun for mag7_stocks_etl to 2025-03-28 11:05:00+00:00, run_after=2025-03-28 11:10:00+00:00
[2025-03-28T11:09:30.573+0000] {processor.py:208} INFO - Processing /opt/airflow/dags/finance_dag.py took 0.769 seconds
[2025-03-28T11:10:01.186+0000] {processor.py:186} INFO - Started process (PID=245) to work on /opt/airflow/dags/finance_dag.py
[2025-03-28T11:10:01.187+0000] {processor.py:914} INFO - Processing file /opt/airflow/dags/finance_dag.py for tasks to queue
[2025-03-28T11:10:01.189+0000] {logging_mixin.py:190} INFO - [2025-03-28T11:10:01.189+0000] {dagbag.py:588} INFO - Filling up the DagBag from /opt/airflow/dags/finance_dag.py
[2025-03-28T11:10:01.698+0000] {processor.py:925} INFO - DAG(s) 'mag7_stocks_etl' retrieved from /opt/airflow/dags/finance_dag.py
[2025-03-28T11:10:01.728+0000] {logging_mixin.py:190} INFO - [2025-03-28T11:10:01.727+0000] {dag.py:3239} INFO - Sync 1 DAGs
[2025-03-28T11:10:01.756+0000] {logging_mixin.py:190} INFO - [2025-03-28T11:10:01.755+0000] {dag.py:4180} INFO - Setting next_dagrun for mag7_stocks_etl to 2025-03-28 11:05:00+00:00, run_after=2025-03-28 11:10:00+00:00
[2025-03-28T11:10:01.955+0000] {processor.py:208} INFO - Processing /opt/airflow/dags/finance_dag.py took 0.775 seconds
[2025-03-28T11:10:33.112+0000] {processor.py:186} INFO - Started process (PID=247) to work on /opt/airflow/dags/finance_dag.py
[2025-03-28T11:10:33.114+0000] {processor.py:914} INFO - Processing file /opt/airflow/dags/finance_dag.py for tasks to queue
[2025-03-28T11:10:33.116+0000] {logging_mixin.py:190} INFO - [2025-03-28T11:10:33.115+0000] {dagbag.py:588} INFO - Filling up the DagBag from /opt/airflow/dags/finance_dag.py
[2025-03-28T11:10:33.071+0000] {processor.py:925} INFO - DAG(s) 'mag7_stocks_etl' retrieved from /opt/airflow/dags/finance_dag.py
[2025-03-28T11:10:33.100+0000] {logging_mixin.py:190} INFO - [2025-03-28T11:10:33.100+0000] {dag.py:3239} INFO - Sync 1 DAGs
[2025-03-28T11:10:33.129+0000] {logging_mixin.py:190} INFO - [2025-03-28T11:10:33.129+0000] {dag.py:4180} INFO - Setting next_dagrun for mag7_stocks_etl to 2025-03-28 11:05:00+00:00, run_after=2025-03-28 11:10:00+00:00
[2025-03-28T11:10:33.403+0000] {processor.py:208} INFO - Processing /opt/airflow/dags/finance_dag.py took 0.799 seconds
[2025-03-28T11:11:04.413+0000] {processor.py:186} INFO - Started process (PID=249) to work on /opt/airflow/dags/finance_dag.py
[2025-03-28T11:11:04.414+0000] {processor.py:914} INFO - Processing file /opt/airflow/dags/finance_dag.py for tasks to queue
[2025-03-28T11:11:04.417+0000] {logging_mixin.py:190} INFO - [2025-03-28T11:11:04.416+0000] {dagbag.py:588} INFO - Filling up the DagBag from /opt/airflow/dags/finance_dag.py
[2025-03-28T11:11:04.888+0000] {processor.py:925} INFO - DAG(s) 'mag7_stocks_etl' retrieved from /opt/airflow/dags/finance_dag.py
[2025-03-28T11:11:04.918+0000] {logging_mixin.py:190} INFO - [2025-03-28T11:11:04.917+0000] {dag.py:3239} INFO - Sync 1 DAGs
[2025-03-28T11:11:04.947+0000] {logging_mixin.py:190} INFO - [2025-03-28T11:11:04.947+0000] {dag.py:4180} INFO - Setting next_dagrun for mag7_stocks_etl to 2025-03-28 11:05:00+00:00, run_after=2025-03-28 11:10:00+00:00
[2025-03-28T11:11:05.288+0000] {processor.py:208} INFO - Processing /opt/airflow/dags/finance_dag.py took 0.881 seconds
[2025-03-28T11:11:35.938+0000] {processor.py:186} INFO - Started process (PID=251) to work on /opt/airflow/dags/finance_dag.py
[2025-03-28T11:11:35.939+0000] {processor.py:914} INFO - Processing file /opt/airflow/dags/finance_dag.py for tasks to queue
[2025-03-28T11:11:35.942+0000] {logging_mixin.py:190} INFO - [2025-03-28T11:11:35.941+0000] {dagbag.py:588} INFO - Filling up the DagBag from /opt/airflow/dags/finance_dag.py
[2025-03-28T11:11:36.422+0000] {processor.py:925} INFO - DAG(s) 'mag7_stocks_etl' retrieved from /opt/airflow/dags/finance_dag.py
[2025-03-28T11:11:36.450+0000] {logging_mixin.py:190} INFO - [2025-03-28T11:11:36.449+0000] {dag.py:3239} INFO - Sync 1 DAGs
[2025-03-28T11:11:36.479+0000] {logging_mixin.py:190} INFO - [2025-03-28T11:11:36.479+0000] {dag.py:4180} INFO - Setting next_dagrun for mag7_stocks_etl to 2025-03-28 11:05:00+00:00, run_after=2025-03-28 11:10:00+00:00
[2025-03-28T11:11:36.735+0000] {processor.py:208} INFO - Processing /opt/airflow/dags/finance_dag.py took 0.802 seconds
[2025-03-28T11:12:07.221+0000] {processor.py:186} INFO - Started process (PID=253) to work on /opt/airflow/dags/finance_dag.py
[2025-03-28T11:12:07.222+0000] {processor.py:914} INFO - Processing file /opt/airflow/dags/finance_dag.py for tasks to queue
[2025-03-28T11:12:07.224+0000] {logging_mixin.py:190} INFO - [2025-03-28T11:12:07.224+0000] {dagbag.py:588} INFO - Filling up the DagBag from /opt/airflow/dags/finance_dag.py
[2025-03-28T11:12:07.762+0000] {processor.py:925} INFO - DAG(s) 'mag7_stocks_etl' retrieved from /opt/airflow/dags/finance_dag.py
[2025-03-28T11:12:07.791+0000] {logging_mixin.py:190} INFO - [2025-03-28T11:12:07.791+0000] {dag.py:3239} INFO - Sync 1 DAGs
[2025-03-28T11:12:07.824+0000] {logging_mixin.py:190} INFO - [2025-03-28T11:12:07.824+0000] {dag.py:4180} INFO - Setting next_dagrun for mag7_stocks_etl to 2025-03-28 11:05:00+00:00, run_after=2025-03-28 11:10:00+00:00
[2025-03-28T11:12:07.596+0000] {processor.py:208} INFO - Processing /opt/airflow/dags/finance_dag.py took 0.828 seconds
[2025-03-28T11:12:38.467+0000] {processor.py:186} INFO - Started process (PID=255) to work on /opt/airflow/dags/finance_dag.py
[2025-03-28T11:12:38.468+0000] {processor.py:914} INFO - Processing file /opt/airflow/dags/finance_dag.py for tasks to queue
[2025-03-28T11:12:38.470+0000] {logging_mixin.py:190} INFO - [2025-03-28T11:12:38.470+0000] {dagbag.py:588} INFO - Filling up the DagBag from /opt/airflow/dags/finance_dag.py
[2025-03-28T11:12:38.620+0000] {processor.py:925} INFO - DAG(s) 'mag7_stocks_etl' retrieved from /opt/airflow/dags/finance_dag.py
[2025-03-28T11:12:38.648+0000] {logging_mixin.py:190} INFO - [2025-03-28T11:12:38.648+0000] {dag.py:3239} INFO - Sync 1 DAGs
[2025-03-28T11:12:38.677+0000] {logging_mixin.py:190} INFO - [2025-03-28T11:12:38.677+0000] {dag.py:4180} INFO - Setting next_dagrun for mag7_stocks_etl to 2025-03-28 11:05:00+00:00, run_after=2025-03-28 11:10:00+00:00
[2025-03-28T11:12:38.878+0000] {processor.py:208} INFO - Processing /opt/airflow/dags/finance_dag.py took 0.755 seconds
[2025-03-28T11:13:08.998+0000] {processor.py:186} INFO - Started process (PID=257) to work on /opt/airflow/dags/finance_dag.py
[2025-03-28T11:13:08.999+0000] {processor.py:914} INFO - Processing file /opt/airflow/dags/finance_dag.py for tasks to queue
[2025-03-28T11:13:09.002+0000] {logging_mixin.py:190} INFO - [2025-03-28T11:13:09.001+0000] {dagbag.py:588} INFO - Filling up the DagBag from /opt/airflow/dags/finance_dag.py
[2025-03-28T11:13:09.464+0000] {processor.py:925} INFO - DAG(s) 'mag7_stocks_etl' retrieved from /opt/airflow/dags/finance_dag.py
[2025-03-28T11:13:09.494+0000] {logging_mixin.py:190} INFO - [2025-03-28T11:13:09.494+0000] {dag.py:3239} INFO - Sync 1 DAGs
[2025-03-28T11:13:09.525+0000] {logging_mixin.py:190} INFO - [2025-03-28T11:13:09.524+0000] {dag.py:4180} INFO - Setting next_dagrun for mag7_stocks_etl to 2025-03-28 11:05:00+00:00, run_after=2025-03-28 11:10:00+00:00
[2025-03-28T11:13:09.728+0000] {processor.py:208} INFO - Processing /opt/airflow/dags/finance_dag.py took 0.736 seconds
[2025-03-28T11:13:40.666+0000] {processor.py:186} INFO - Started process (PID=259) to work on /opt/airflow/dags/finance_dag.py
[2025-03-28T11:13:40.668+0000] {processor.py:914} INFO - Processing file /opt/airflow/dags/finance_dag.py for tasks to queue
[2025-03-28T11:13:40.670+0000] {logging_mixin.py:190} INFO - [2025-03-28T11:13:40.669+0000] {dagbag.py:588} INFO - Filling up the DagBag from /opt/airflow/dags/finance_dag.py
[2025-03-28T11:13:41.120+0000] {processor.py:925} INFO - DAG(s) 'mag7_stocks_etl' retrieved from /opt/airflow/dags/finance_dag.py
[2025-03-28T11:13:41.150+0000] {logging_mixin.py:190} INFO - [2025-03-28T11:13:41.149+0000] {dag.py:3239} INFO - Sync 1 DAGs
[2025-03-28T11:13:41.180+0000] {logging_mixin.py:190} INFO - [2025-03-28T11:13:41.180+0000] {dag.py:4180} INFO - Setting next_dagrun for mag7_stocks_etl to 2025-03-28 11:05:00+00:00, run_after=2025-03-28 11:10:00+00:00
[2025-03-28T11:13:41.411+0000] {processor.py:208} INFO - Processing /opt/airflow/dags/finance_dag.py took 0.750 seconds
[2025-03-28T11:14:11.629+0000] {processor.py:186} INFO - Started process (PID=261) to work on /opt/airflow/dags/finance_dag.py
[2025-03-28T11:14:11.630+0000] {processor.py:914} INFO - Processing file /opt/airflow/dags/finance_dag.py for tasks to queue
[2025-03-28T11:14:11.632+0000] {logging_mixin.py:190} INFO - [2025-03-28T11:14:11.632+0000] {dagbag.py:588} INFO - Filling up the DagBag from /opt/airflow/dags/finance_dag.py
[2025-03-28T11:14:12.081+0000] {processor.py:925} INFO - DAG(s) 'mag7_stocks_etl' retrieved from /opt/airflow/dags/finance_dag.py
[2025-03-28T11:14:12.105+0000] {logging_mixin.py:190} INFO - [2025-03-28T11:14:12.105+0000] {dag.py:3239} INFO - Sync 1 DAGs
[2025-03-28T11:14:12.135+0000] {logging_mixin.py:190} INFO - [2025-03-28T11:14:12.135+0000] {dag.py:4180} INFO - Setting next_dagrun for mag7_stocks_etl to 2025-03-28 11:05:00+00:00, run_after=2025-03-28 11:10:00+00:00
[2025-03-28T11:14:12.346+0000] {processor.py:208} INFO - Processing /opt/airflow/dags/finance_dag.py took 0.723 seconds
[2025-03-28T11:14:43.383+0000] {processor.py:186} INFO - Started process (PID=263) to work on /opt/airflow/dags/finance_dag.py
[2025-03-28T11:14:43.384+0000] {processor.py:914} INFO - Processing file /opt/airflow/dags/finance_dag.py for tasks to queue
[2025-03-28T11:14:43.387+0000] {logging_mixin.py:190} INFO - [2025-03-28T11:14:43.386+0000] {dagbag.py:588} INFO - Filling up the DagBag from /opt/airflow/dags/finance_dag.py
[2025-03-28T11:14:43.845+0000] {processor.py:925} INFO - DAG(s) 'mag7_stocks_etl' retrieved from /opt/airflow/dags/finance_dag.py
[2025-03-28T11:14:43.872+0000] {logging_mixin.py:190} INFO - [2025-03-28T11:14:43.871+0000] {dag.py:3239} INFO - Sync 1 DAGs
[2025-03-28T11:14:43.899+0000] {logging_mixin.py:190} INFO - [2025-03-28T11:14:43.899+0000] {dag.py:4180} INFO - Setting next_dagrun for mag7_stocks_etl to 2025-03-28 11:05:00+00:00, run_after=2025-03-28 11:10:00+00:00
[2025-03-28T11:14:43.601+0000] {processor.py:208} INFO - Processing /opt/airflow/dags/finance_dag.py took 0.725 seconds
[2025-03-28T11:15:17.709+0000] {processor.py:186} INFO - Started process (PID=289) to work on /opt/airflow/dags/finance_dag.py
[2025-03-28T11:15:17.710+0000] {processor.py:914} INFO - Processing file /opt/airflow/dags/finance_dag.py for tasks to queue
[2025-03-28T11:15:17.713+0000] {logging_mixin.py:190} INFO - [2025-03-28T11:15:17.712+0000] {dagbag.py:588} INFO - Filling up the DagBag from /opt/airflow/dags/finance_dag.py
[2025-03-28T11:15:18.189+0000] {processor.py:925} INFO - DAG(s) 'mag7_stocks_etl' retrieved from /opt/airflow/dags/finance_dag.py
[2025-03-28T11:15:18.222+0000] {logging_mixin.py:190} INFO - [2025-03-28T11:15:18.221+0000] {dag.py:3239} INFO - Sync 1 DAGs
[2025-03-28T11:15:18.251+0000] {logging_mixin.py:190} INFO - [2025-03-28T11:15:18.251+0000] {dag.py:4180} INFO - Setting next_dagrun for mag7_stocks_etl to 2025-03-28 11:15:00+00:00, run_after=2025-03-28 11:20:00+00:00
[2025-03-28T11:15:18.476+0000] {processor.py:208} INFO - Processing /opt/airflow/dags/finance_dag.py took 0.772 seconds
[2025-03-28T11:15:43.615+0000] {processor.py:186} INFO - Started process (PID=303) to work on /opt/airflow/dags/finance_dag.py
[2025-03-28T11:15:43.616+0000] {processor.py:914} INFO - Processing file /opt/airflow/dags/finance_dag.py for tasks to queue
[2025-03-28T11:15:43.619+0000] {logging_mixin.py:190} INFO - [2025-03-28T11:15:43.619+0000] {dagbag.py:588} INFO - Filling up the DagBag from /opt/airflow/dags/finance_dag.py
[2025-03-28T11:15:44.072+0000] {processor.py:925} INFO - DAG(s) 'mag7_stocks_etl' retrieved from /opt/airflow/dags/finance_dag.py
[2025-03-28T11:15:44.100+0000] {logging_mixin.py:190} INFO - [2025-03-28T11:15:44.100+0000] {dag.py:3239} INFO - Sync 1 DAGs
[2025-03-28T11:15:44.131+0000] {logging_mixin.py:190} INFO - [2025-03-28T11:15:44.131+0000] {dag.py:4180} INFO - Setting next_dagrun for mag7_stocks_etl to 2025-03-28 11:15:00+00:00, run_after=2025-03-28 11:20:00+00:00
[2025-03-28T11:15:44.353+0000] {processor.py:208} INFO - Processing /opt/airflow/dags/finance_dag.py took 0.744 seconds
[2025-03-28T11:16:15.660+0000] {processor.py:186} INFO - Started process (PID=305) to work on /opt/airflow/dags/finance_dag.py
[2025-03-28T11:16:15.661+0000] {processor.py:914} INFO - Processing file /opt/airflow/dags/finance_dag.py for tasks to queue
[2025-03-28T11:16:15.663+0000] {logging_mixin.py:190} INFO - [2025-03-28T11:16:15.663+0000] {dagbag.py:588} INFO - Filling up the DagBag from /opt/airflow/dags/finance_dag.py
[2025-03-28T11:16:16.133+0000] {processor.py:925} INFO - DAG(s) 'mag7_stocks_etl' retrieved from /opt/airflow/dags/finance_dag.py
[2025-03-28T11:16:16.163+0000] {logging_mixin.py:190} INFO - [2025-03-28T11:16:16.163+0000] {dag.py:3239} INFO - Sync 1 DAGs
[2025-03-28T11:16:16.195+0000] {logging_mixin.py:190} INFO - [2025-03-28T11:16:16.194+0000] {dag.py:4180} INFO - Setting next_dagrun for mag7_stocks_etl to 2025-03-28 11:15:00+00:00, run_after=2025-03-28 11:20:00+00:00
[2025-03-28T11:16:16.413+0000] {processor.py:208} INFO - Processing /opt/airflow/dags/finance_dag.py took 0.759 seconds
[2025-03-28T11:16:46.844+0000] {processor.py:186} INFO - Started process (PID=307) to work on /opt/airflow/dags/finance_dag.py
[2025-03-28T11:16:46.845+0000] {processor.py:914} INFO - Processing file /opt/airflow/dags/finance_dag.py for tasks to queue
[2025-03-28T11:16:46.847+0000] {logging_mixin.py:190} INFO - [2025-03-28T11:16:46.847+0000] {dagbag.py:588} INFO - Filling up the DagBag from /opt/airflow/dags/finance_dag.py
[2025-03-28T11:16:47.307+0000] {processor.py:925} INFO - DAG(s) 'mag7_stocks_etl' retrieved from /opt/airflow/dags/finance_dag.py
[2025-03-28T11:16:47.337+0000] {logging_mixin.py:190} INFO - [2025-03-28T11:16:47.337+0000] {dag.py:3239} INFO - Sync 1 DAGs
[2025-03-28T11:16:47.366+0000] {logging_mixin.py:190} INFO - [2025-03-28T11:16:47.365+0000] {dag.py:4180} INFO - Setting next_dagrun for mag7_stocks_etl to 2025-03-28 11:15:00+00:00, run_after=2025-03-28 11:20:00+00:00
[2025-03-28T11:16:47.595+0000] {processor.py:208} INFO - Processing /opt/airflow/dags/finance_dag.py took 0.757 seconds
[2025-03-28T11:17:18.869+0000] {processor.py:186} INFO - Started process (PID=309) to work on /opt/airflow/dags/finance_dag.py
[2025-03-28T11:17:18.870+0000] {processor.py:914} INFO - Processing file /opt/airflow/dags/finance_dag.py for tasks to queue
[2025-03-28T11:17:18.873+0000] {logging_mixin.py:190} INFO - [2025-03-28T11:17:18.872+0000] {dagbag.py:588} INFO - Filling up the DagBag from /opt/airflow/dags/finance_dag.py
[2025-03-28T11:17:18.850+0000] {processor.py:925} INFO - DAG(s) 'mag7_stocks_etl' retrieved from /opt/airflow/dags/finance_dag.py
[2025-03-28T11:17:18.877+0000] {logging_mixin.py:190} INFO - [2025-03-28T11:17:18.877+0000] {dag.py:3239} INFO - Sync 1 DAGs
[2025-03-28T11:17:18.907+0000] {logging_mixin.py:190} INFO - [2025-03-28T11:17:18.907+0000] {dag.py:4180} INFO - Setting next_dagrun for mag7_stocks_etl to 2025-03-28 11:15:00+00:00, run_after=2025-03-28 11:20:00+00:00
[2025-03-28T11:17:19.091+0000] {processor.py:208} INFO - Processing /opt/airflow/dags/finance_dag.py took 0.730 seconds
[2025-03-28T11:17:49.761+0000] {processor.py:186} INFO - Started process (PID=311) to work on /opt/airflow/dags/finance_dag.py
[2025-03-28T11:17:49.763+0000] {processor.py:914} INFO - Processing file /opt/airflow/dags/finance_dag.py for tasks to queue
[2025-03-28T11:17:49.767+0000] {logging_mixin.py:190} INFO - [2025-03-28T11:17:49.767+0000] {dagbag.py:588} INFO - Filling up the DagBag from /opt/airflow/dags/finance_dag.py
[2025-03-28T11:17:50.268+0000] {processor.py:925} INFO - DAG(s) 'mag7_stocks_etl' retrieved from /opt/airflow/dags/finance_dag.py
[2025-03-28T11:17:50.297+0000] {logging_mixin.py:190} INFO - [2025-03-28T11:17:50.297+0000] {dag.py:3239} INFO - Sync 1 DAGs
[2025-03-28T11:17:50.331+0000] {logging_mixin.py:190} INFO - [2025-03-28T11:17:50.331+0000] {dag.py:4180} INFO - Setting next_dagrun for mag7_stocks_etl to 2025-03-28 11:15:00+00:00, run_after=2025-03-28 11:20:00+00:00
[2025-03-28T11:17:50.531+0000] {processor.py:208} INFO - Processing /opt/airflow/dags/finance_dag.py took 0.777 seconds
[2025-03-28T11:18:21.711+0000] {processor.py:186} INFO - Started process (PID=313) to work on /opt/airflow/dags/finance_dag.py
[2025-03-28T11:18:21.712+0000] {processor.py:914} INFO - Processing file /opt/airflow/dags/finance_dag.py for tasks to queue
[2025-03-28T11:18:21.715+0000] {logging_mixin.py:190} INFO - [2025-03-28T11:18:21.714+0000] {dagbag.py:588} INFO - Filling up the DagBag from /opt/airflow/dags/finance_dag.py
[2025-03-28T11:18:22.299+0000] {processor.py:925} INFO - DAG(s) 'mag7_stocks_etl' retrieved from /opt/airflow/dags/finance_dag.py
[2025-03-28T11:18:22.331+0000] {logging_mixin.py:190} INFO - [2025-03-28T11:18:22.330+0000] {dag.py:3239} INFO - Sync 1 DAGs
[2025-03-28T11:18:22.368+0000] {logging_mixin.py:190} INFO - [2025-03-28T11:18:22.367+0000] {dag.py:4180} INFO - Setting next_dagrun for mag7_stocks_etl to 2025-03-28 11:15:00+00:00, run_after=2025-03-28 11:20:00+00:00
[2025-03-28T11:18:22.616+0000] {processor.py:208} INFO - Processing /opt/airflow/dags/finance_dag.py took 0.911 seconds
[2025-03-28T11:18:53.854+0000] {processor.py:186} INFO - Started process (PID=315) to work on /opt/airflow/dags/finance_dag.py
[2025-03-28T11:18:53.855+0000] {processor.py:914} INFO - Processing file /opt/airflow/dags/finance_dag.py for tasks to queue
[2025-03-28T11:18:53.858+0000] {logging_mixin.py:190} INFO - [2025-03-28T11:18:53.858+0000] {dagbag.py:588} INFO - Filling up the DagBag from /opt/airflow/dags/finance_dag.py
[2025-03-28T11:18:53.974+0000] {processor.py:925} INFO - DAG(s) 'mag7_stocks_etl' retrieved from /opt/airflow/dags/finance_dag.py
[2025-03-28T11:18:54.007+0000] {logging_mixin.py:190} INFO - [2025-03-28T11:18:54.006+0000] {dag.py:3239} INFO - Sync 1 DAGs
[2025-03-28T11:18:54.042+0000] {logging_mixin.py:190} INFO - [2025-03-28T11:18:54.041+0000] {dag.py:4180} INFO - Setting next_dagrun for mag7_stocks_etl to 2025-03-28 11:15:00+00:00, run_after=2025-03-28 11:20:00+00:00
[2025-03-28T11:18:54.243+0000] {processor.py:208} INFO - Processing /opt/airflow/dags/finance_dag.py took 0.898 seconds
[2025-03-28T11:19:25.034+0000] {processor.py:186} INFO - Started process (PID=317) to work on /opt/airflow/dags/finance_dag.py
[2025-03-28T11:19:25.035+0000] {processor.py:914} INFO - Processing file /opt/airflow/dags/finance_dag.py for tasks to queue
[2025-03-28T11:19:25.037+0000] {logging_mixin.py:190} INFO - [2025-03-28T11:19:25.037+0000] {dagbag.py:588} INFO - Filling up the DagBag from /opt/airflow/dags/finance_dag.py
[2025-03-28T11:19:25.485+0000] {processor.py:925} INFO - DAG(s) 'mag7_stocks_etl' retrieved from /opt/airflow/dags/finance_dag.py
[2025-03-28T11:19:25.516+0000] {logging_mixin.py:190} INFO - [2025-03-28T11:19:25.515+0000] {dag.py:3239} INFO - Sync 1 DAGs
[2025-03-28T11:19:25.548+0000] {logging_mixin.py:190} INFO - [2025-03-28T11:19:25.548+0000] {dag.py:4180} INFO - Setting next_dagrun for mag7_stocks_etl to 2025-03-28 11:15:00+00:00, run_after=2025-03-28 11:20:00+00:00
[2025-03-28T11:19:25.718+0000] {processor.py:208} INFO - Processing /opt/airflow/dags/finance_dag.py took 0.690 seconds
[2025-03-28T11:19:56.987+0000] {processor.py:186} INFO - Started process (PID=319) to work on /opt/airflow/dags/finance_dag.py
[2025-03-28T11:19:56.988+0000] {processor.py:914} INFO - Processing file /opt/airflow/dags/finance_dag.py for tasks to queue
[2025-03-28T11:19:56.991+0000] {logging_mixin.py:190} INFO - [2025-03-28T11:19:56.991+0000] {dagbag.py:588} INFO - Filling up the DagBag from /opt/airflow/dags/finance_dag.py
[2025-03-28T11:19:57.443+0000] {processor.py:925} INFO - DAG(s) 'mag7_stocks_etl' retrieved from /opt/airflow/dags/finance_dag.py
[2025-03-28T11:19:57.467+0000] {logging_mixin.py:190} INFO - [2025-03-28T11:19:57.467+0000] {dag.py:3239} INFO - Sync 1 DAGs
[2025-03-28T11:19:57.493+0000] {logging_mixin.py:190} INFO - [2025-03-28T11:19:57.493+0000] {dag.py:4180} INFO - Setting next_dagrun for mag7_stocks_etl to 2025-03-28 11:15:00+00:00, run_after=2025-03-28 11:20:00+00:00
[2025-03-28T11:19:57.678+0000] {processor.py:208} INFO - Processing /opt/airflow/dags/finance_dag.py took 0.696 seconds
[2025-03-28T11:20:30.416+0000] {processor.py:186} INFO - Started process (PID=357) to work on /opt/airflow/dags/finance_dag.py
[2025-03-28T11:20:30.417+0000] {processor.py:914} INFO - Processing file /opt/airflow/dags/finance_dag.py for tasks to queue
[2025-03-28T11:20:30.420+0000] {logging_mixin.py:190} INFO - [2025-03-28T11:20:30.419+0000] {dagbag.py:588} INFO - Filling up the DagBag from /opt/airflow/dags/finance_dag.py
[2025-03-28T11:20:30.903+0000] {processor.py:925} INFO - DAG(s) 'mag7_stocks_etl' retrieved from /opt/airflow/dags/finance_dag.py
[2025-03-28T11:20:30.932+0000] {logging_mixin.py:190} INFO - [2025-03-28T11:20:30.931+0000] {dag.py:3239} INFO - Sync 1 DAGs
[2025-03-28T11:20:30.961+0000] {logging_mixin.py:190} INFO - [2025-03-28T11:20:30.961+0000] {dag.py:4180} INFO - Setting next_dagrun for mag7_stocks_etl to 2025-03-28 11:20:00+00:00, run_after=2025-03-28 11:25:00+00:00
[2025-03-28T11:20:31.181+0000] {processor.py:208} INFO - Processing /opt/airflow/dags/finance_dag.py took 0.770 seconds
[2025-03-28T11:21:01.331+0000] {processor.py:186} INFO - Started process (PID=359) to work on /opt/airflow/dags/finance_dag.py
[2025-03-28T11:21:01.332+0000] {processor.py:914} INFO - Processing file /opt/airflow/dags/finance_dag.py for tasks to queue
[2025-03-28T11:21:01.334+0000] {logging_mixin.py:190} INFO - [2025-03-28T11:21:01.334+0000] {dagbag.py:588} INFO - Filling up the DagBag from /opt/airflow/dags/finance_dag.py
[2025-03-28T11:21:01.776+0000] {processor.py:925} INFO - DAG(s) 'mag7_stocks_etl' retrieved from /opt/airflow/dags/finance_dag.py
[2025-03-28T11:21:01.803+0000] {logging_mixin.py:190} INFO - [2025-03-28T11:21:01.802+0000] {dag.py:3239} INFO - Sync 1 DAGs
[2025-03-28T11:21:01.829+0000] {logging_mixin.py:190} INFO - [2025-03-28T11:21:01.829+0000] {dag.py:4180} INFO - Setting next_dagrun for mag7_stocks_etl to 2025-03-28 11:20:00+00:00, run_after=2025-03-28 11:25:00+00:00
[2025-03-28T11:21:02.035+0000] {processor.py:208} INFO - Processing /opt/airflow/dags/finance_dag.py took 0.709 seconds
[2025-03-28T11:21:32.776+0000] {processor.py:186} INFO - Started process (PID=361) to work on /opt/airflow/dags/finance_dag.py
[2025-03-28T11:21:32.777+0000] {processor.py:914} INFO - Processing file /opt/airflow/dags/finance_dag.py for tasks to queue
[2025-03-28T11:21:32.779+0000] {logging_mixin.py:190} INFO - [2025-03-28T11:21:32.778+0000] {dagbag.py:588} INFO - Filling up the DagBag from /opt/airflow/dags/finance_dag.py
[2025-03-28T11:21:33.228+0000] {processor.py:925} INFO - DAG(s) 'mag7_stocks_etl' retrieved from /opt/airflow/dags/finance_dag.py
[2025-03-28T11:21:33.255+0000] {logging_mixin.py:190} INFO - [2025-03-28T11:21:33.254+0000] {dag.py:3239} INFO - Sync 1 DAGs
[2025-03-28T11:21:33.282+0000] {logging_mixin.py:190} INFO - [2025-03-28T11:21:33.282+0000] {dag.py:4180} INFO - Setting next_dagrun for mag7_stocks_etl to 2025-03-28 11:20:00+00:00, run_after=2025-03-28 11:25:00+00:00
[2025-03-28T11:21:33.480+0000] {processor.py:208} INFO - Processing /opt/airflow/dags/finance_dag.py took 0.710 seconds
[2025-03-28T11:22:04.340+0000] {processor.py:186} INFO - Started process (PID=363) to work on /opt/airflow/dags/finance_dag.py
[2025-03-28T11:22:04.341+0000] {processor.py:914} INFO - Processing file /opt/airflow/dags/finance_dag.py for tasks to queue
[2025-03-28T11:22:04.344+0000] {logging_mixin.py:190} INFO - [2025-03-28T11:22:04.343+0000] {dagbag.py:588} INFO - Filling up the DagBag from /opt/airflow/dags/finance_dag.py
[2025-03-28T11:22:04.302+0000] {processor.py:925} INFO - DAG(s) 'mag7_stocks_etl' retrieved from /opt/airflow/dags/finance_dag.py
[2025-03-28T11:22:04.335+0000] {logging_mixin.py:190} INFO - [2025-03-28T11:22:04.335+0000] {dag.py:3239} INFO - Sync 1 DAGs
[2025-03-28T11:22:04.368+0000] {logging_mixin.py:190} INFO - [2025-03-28T11:22:04.368+0000] {dag.py:4180} INFO - Setting next_dagrun for mag7_stocks_etl to 2025-03-28 11:20:00+00:00, run_after=2025-03-28 11:25:00+00:00
[2025-03-28T11:22:04.621+0000] {processor.py:208} INFO - Processing /opt/airflow/dags/finance_dag.py took 0.793 seconds
[2025-03-28T11:22:35.069+0000] {processor.py:186} INFO - Started process (PID=365) to work on /opt/airflow/dags/finance_dag.py
[2025-03-28T11:22:35.070+0000] {processor.py:914} INFO - Processing file /opt/airflow/dags/finance_dag.py for tasks to queue
[2025-03-28T11:22:35.072+0000] {logging_mixin.py:190} INFO - [2025-03-28T11:22:35.072+0000] {dagbag.py:588} INFO - Filling up the DagBag from /opt/airflow/dags/finance_dag.py
[2025-03-28T11:22:35.527+0000] {processor.py:925} INFO - DAG(s) 'mag7_stocks_etl' retrieved from /opt/airflow/dags/finance_dag.py
[2025-03-28T11:22:35.555+0000] {logging_mixin.py:190} INFO - [2025-03-28T11:22:35.554+0000] {dag.py:3239} INFO - Sync 1 DAGs
[2025-03-28T11:22:35.585+0000] {logging_mixin.py:190} INFO - [2025-03-28T11:22:35.585+0000] {dag.py:4180} INFO - Setting next_dagrun for mag7_stocks_etl to 2025-03-28 11:20:00+00:00, run_after=2025-03-28 11:25:00+00:00
[2025-03-28T11:22:35.796+0000] {processor.py:208} INFO - Processing /opt/airflow/dags/finance_dag.py took 0.734 seconds
[2025-03-28T11:23:02.350+0000] {processor.py:186} INFO - Started process (PID=367) to work on /opt/airflow/dags/finance_dag.py
[2025-03-28T11:23:02.351+0000] {processor.py:914} INFO - Processing file /opt/airflow/dags/finance_dag.py for tasks to queue
[2025-03-28T11:23:02.353+0000] {logging_mixin.py:190} INFO - [2025-03-28T11:23:02.353+0000] {dagbag.py:588} INFO - Filling up the DagBag from /opt/airflow/dags/finance_dag.py
[2025-03-28T11:23:02.818+0000] {processor.py:925} INFO - DAG(s) 'mag7_stocks_etl' retrieved from /opt/airflow/dags/finance_dag.py
[2025-03-28T11:23:02.848+0000] {logging_mixin.py:190} INFO - [2025-03-28T11:23:02.848+0000] {dag.py:3239} INFO - Sync 1 DAGs
[2025-03-28T11:23:02.881+0000] {logging_mixin.py:190} INFO - [2025-03-28T11:23:02.881+0000] {dag.py:4180} INFO - Setting next_dagrun for mag7_stocks_etl to 2025-03-28 11:20:00+00:00, run_after=2025-03-28 11:25:00+00:00
[2025-03-28T11:23:03.077+0000] {processor.py:208} INFO - Processing /opt/airflow/dags/finance_dag.py took 0.733 seconds
[2025-03-28T11:23:33.308+0000] {processor.py:186} INFO - Started process (PID=369) to work on /opt/airflow/dags/finance_dag.py
[2025-03-28T11:23:33.309+0000] {processor.py:914} INFO - Processing file /opt/airflow/dags/finance_dag.py for tasks to queue
[2025-03-28T11:23:33.311+0000] {logging_mixin.py:190} INFO - [2025-03-28T11:23:33.311+0000] {dagbag.py:588} INFO - Filling up the DagBag from /opt/airflow/dags/finance_dag.py
[2025-03-28T11:23:33.775+0000] {processor.py:925} INFO - DAG(s) 'mag7_stocks_etl' retrieved from /opt/airflow/dags/finance_dag.py
[2025-03-28T11:23:33.807+0000] {logging_mixin.py:190} INFO - [2025-03-28T11:23:33.806+0000] {dag.py:3239} INFO - Sync 1 DAGs
[2025-03-28T11:23:33.838+0000] {logging_mixin.py:190} INFO - [2025-03-28T11:23:33.838+0000] {dag.py:4180} INFO - Setting next_dagrun for mag7_stocks_etl to 2025-03-28 11:20:00+00:00, run_after=2025-03-28 11:25:00+00:00
[2025-03-28T11:23:34.152+0000] {processor.py:208} INFO - Processing /opt/airflow/dags/finance_dag.py took 0.850 seconds
[2025-03-28T11:24:04.458+0000] {processor.py:186} INFO - Started process (PID=371) to work on /opt/airflow/dags/finance_dag.py
[2025-03-28T11:24:04.459+0000] {processor.py:914} INFO - Processing file /opt/airflow/dags/finance_dag.py for tasks to queue
[2025-03-28T11:24:04.463+0000] {logging_mixin.py:190} INFO - [2025-03-28T11:24:04.462+0000] {dagbag.py:588} INFO - Filling up the DagBag from /opt/airflow/dags/finance_dag.py
[2025-03-28T11:24:04.574+0000] {processor.py:925} INFO - DAG(s) 'mag7_stocks_etl' retrieved from /opt/airflow/dags/finance_dag.py
[2025-03-28T11:24:04.602+0000] {logging_mixin.py:190} INFO - [2025-03-28T11:24:04.601+0000] {dag.py:3239} INFO - Sync 1 DAGs
[2025-03-28T11:24:04.633+0000] {logging_mixin.py:190} INFO - [2025-03-28T11:24:04.633+0000] {dag.py:4180} INFO - Setting next_dagrun for mag7_stocks_etl to 2025-03-28 11:20:00+00:00, run_after=2025-03-28 11:25:00+00:00
[2025-03-28T11:24:04.854+0000] {processor.py:208} INFO - Processing /opt/airflow/dags/finance_dag.py took 0.900 seconds
[2025-03-28T11:24:35.052+0000] {processor.py:186} INFO - Started process (PID=373) to work on /opt/airflow/dags/finance_dag.py
[2025-03-28T11:24:35.053+0000] {processor.py:914} INFO - Processing file /opt/airflow/dags/finance_dag.py for tasks to queue
[2025-03-28T11:24:35.056+0000] {logging_mixin.py:190} INFO - [2025-03-28T11:24:35.055+0000] {dagbag.py:588} INFO - Filling up the DagBag from /opt/airflow/dags/finance_dag.py
[2025-03-28T11:24:35.706+0000] {processor.py:925} INFO - DAG(s) 'mag7_stocks_etl' retrieved from /opt/airflow/dags/finance_dag.py
[2025-03-28T11:24:35.737+0000] {logging_mixin.py:190} INFO - [2025-03-28T11:24:35.736+0000] {dag.py:3239} INFO - Sync 1 DAGs
[2025-03-28T11:24:35.767+0000] {logging_mixin.py:190} INFO - [2025-03-28T11:24:35.767+0000] {dag.py:4180} INFO - Setting next_dagrun for mag7_stocks_etl to 2025-03-28 11:20:00+00:00, run_after=2025-03-28 11:25:00+00:00
[2025-03-28T11:24:35.963+0000] {processor.py:208} INFO - Processing /opt/airflow/dags/finance_dag.py took 0.917 seconds
[2025-03-28T11:25:13.254+0000] {processor.py:186} INFO - Started process (PID=387) to work on /opt/airflow/dags/finance_dag.py
[2025-03-28T11:25:13.255+0000] {processor.py:914} INFO - Processing file /opt/airflow/dags/finance_dag.py for tasks to queue
[2025-03-28T11:25:13.258+0000] {logging_mixin.py:190} INFO - [2025-03-28T11:25:13.257+0000] {dagbag.py:588} INFO - Filling up the DagBag from /opt/airflow/dags/finance_dag.py
[2025-03-28T11:25:13.737+0000] {processor.py:925} INFO - DAG(s) 'mag7_stocks_etl' retrieved from /opt/airflow/dags/finance_dag.py
[2025-03-28T11:25:13.763+0000] {logging_mixin.py:190} INFO - [2025-03-28T11:25:13.763+0000] {dag.py:3239} INFO - Sync 1 DAGs
[2025-03-28T11:25:13.794+0000] {logging_mixin.py:190} INFO - [2025-03-28T11:25:13.794+0000] {dag.py:4180} INFO - Setting next_dagrun for mag7_stocks_etl to 2025-03-28 11:25:00+00:00, run_after=2025-03-28 11:30:00+00:00
[2025-03-28T11:25:13.989+0000] {processor.py:208} INFO - Processing /opt/airflow/dags/finance_dag.py took 0.741 seconds
[2025-03-28T11:25:44.634+0000] {processor.py:186} INFO - Started process (PID=413) to work on /opt/airflow/dags/finance_dag.py
[2025-03-28T11:25:44.635+0000] {processor.py:914} INFO - Processing file /opt/airflow/dags/finance_dag.py for tasks to queue
[2025-03-28T11:25:44.637+0000] {logging_mixin.py:190} INFO - [2025-03-28T11:25:44.637+0000] {dagbag.py:588} INFO - Filling up the DagBag from /opt/airflow/dags/finance_dag.py
[2025-03-28T11:25:44.697+0000] {processor.py:925} INFO - DAG(s) 'mag7_stocks_etl' retrieved from /opt/airflow/dags/finance_dag.py
[2025-03-28T11:25:44.727+0000] {logging_mixin.py:190} INFO - [2025-03-28T11:25:44.726+0000] {dag.py:3239} INFO - Sync 1 DAGs
[2025-03-28T11:25:44.764+0000] {logging_mixin.py:190} INFO - [2025-03-28T11:25:44.764+0000] {dag.py:4180} INFO - Setting next_dagrun for mag7_stocks_etl to 2025-03-28 11:25:00+00:00, run_after=2025-03-28 11:30:00+00:00
[2025-03-28T11:25:44.963+0000] {processor.py:208} INFO - Processing /opt/airflow/dags/finance_dag.py took 0.834 seconds
[2025-03-28T11:26:15.093+0000] {processor.py:186} INFO - Started process (PID=415) to work on /opt/airflow/dags/finance_dag.py
[2025-03-28T11:26:15.094+0000] {processor.py:914} INFO - Processing file /opt/airflow/dags/finance_dag.py for tasks to queue
[2025-03-28T11:26:15.097+0000] {logging_mixin.py:190} INFO - [2025-03-28T11:26:15.096+0000] {dagbag.py:588} INFO - Filling up the DagBag from /opt/airflow/dags/finance_dag.py
[2025-03-28T11:26:15.573+0000] {processor.py:925} INFO - DAG(s) 'mag7_stocks_etl' retrieved from /opt/airflow/dags/finance_dag.py
[2025-03-28T11:26:15.603+0000] {logging_mixin.py:190} INFO - [2025-03-28T11:26:15.602+0000] {dag.py:3239} INFO - Sync 1 DAGs
[2025-03-28T11:26:15.635+0000] {logging_mixin.py:190} INFO - [2025-03-28T11:26:15.635+0000] {dag.py:4180} INFO - Setting next_dagrun for mag7_stocks_etl to 2025-03-28 11:25:00+00:00, run_after=2025-03-28 11:30:00+00:00
[2025-03-28T11:26:15.846+0000] {processor.py:208} INFO - Processing /opt/airflow/dags/finance_dag.py took 0.763 seconds
[2025-03-28T11:26:46.592+0000] {processor.py:186} INFO - Started process (PID=417) to work on /opt/airflow/dags/finance_dag.py
[2025-03-28T11:26:46.593+0000] {processor.py:914} INFO - Processing file /opt/airflow/dags/finance_dag.py for tasks to queue
[2025-03-28T11:26:46.595+0000] {logging_mixin.py:190} INFO - [2025-03-28T11:26:46.595+0000] {dagbag.py:588} INFO - Filling up the DagBag from /opt/airflow/dags/finance_dag.py
[2025-03-28T11:26:47.148+0000] {processor.py:925} INFO - DAG(s) 'mag7_stocks_etl' retrieved from /opt/airflow/dags/finance_dag.py
[2025-03-28T11:26:47.178+0000] {logging_mixin.py:190} INFO - [2025-03-28T11:26:47.177+0000] {dag.py:3239} INFO - Sync 1 DAGs
[2025-03-28T11:26:47.207+0000] {logging_mixin.py:190} INFO - [2025-03-28T11:26:47.207+0000] {dag.py:4180} INFO - Setting next_dagrun for mag7_stocks_etl to 2025-03-28 11:25:00+00:00, run_after=2025-03-28 11:30:00+00:00
[2025-03-28T11:26:47.404+0000] {processor.py:208} INFO - Processing /opt/airflow/dags/finance_dag.py took 0.818 seconds
[2025-03-28T11:27:14.859+0000] {processor.py:186} INFO - Started process (PID=419) to work on /opt/airflow/dags/finance_dag.py
[2025-03-28T11:27:14.860+0000] {processor.py:914} INFO - Processing file /opt/airflow/dags/finance_dag.py for tasks to queue
[2025-03-28T11:27:14.863+0000] {logging_mixin.py:190} INFO - [2025-03-28T11:27:14.862+0000] {dagbag.py:588} INFO - Filling up the DagBag from /opt/airflow/dags/finance_dag.py
[2025-03-28T11:27:15.374+0000] {processor.py:925} INFO - DAG(s) 'mag7_stocks_etl' retrieved from /opt/airflow/dags/finance_dag.py
[2025-03-28T11:27:15.403+0000] {logging_mixin.py:190} INFO - [2025-03-28T11:27:15.403+0000] {dag.py:3239} INFO - Sync 1 DAGs
[2025-03-28T11:27:15.434+0000] {logging_mixin.py:190} INFO - [2025-03-28T11:27:15.434+0000] {dag.py:4180} INFO - Setting next_dagrun for mag7_stocks_etl to 2025-03-28 11:25:00+00:00, run_after=2025-03-28 11:30:00+00:00
[2025-03-28T11:27:15.631+0000] {processor.py:208} INFO - Processing /opt/airflow/dags/finance_dag.py took 0.779 seconds
[2025-03-28T11:27:46.443+0000] {processor.py:186} INFO - Started process (PID=421) to work on /opt/airflow/dags/finance_dag.py
[2025-03-28T11:27:46.444+0000] {processor.py:914} INFO - Processing file /opt/airflow/dags/finance_dag.py for tasks to queue
[2025-03-28T11:27:46.447+0000] {logging_mixin.py:190} INFO - [2025-03-28T11:27:46.446+0000] {dagbag.py:588} INFO - Filling up the DagBag from /opt/airflow/dags/finance_dag.py
[2025-03-28T11:27:46.921+0000] {processor.py:925} INFO - DAG(s) 'mag7_stocks_etl' retrieved from /opt/airflow/dags/finance_dag.py
[2025-03-28T11:27:46.948+0000] {logging_mixin.py:190} INFO - [2025-03-28T11:27:46.947+0000] {dag.py:3239} INFO - Sync 1 DAGs
[2025-03-28T11:27:46.977+0000] {logging_mixin.py:190} INFO - [2025-03-28T11:27:46.976+0000] {dag.py:4180} INFO - Setting next_dagrun for mag7_stocks_etl to 2025-03-28 11:25:00+00:00, run_after=2025-03-28 11:30:00+00:00
[2025-03-28T11:27:47.196+0000] {processor.py:208} INFO - Processing /opt/airflow/dags/finance_dag.py took 0.759 seconds
[2025-03-28T11:28:18.408+0000] {processor.py:186} INFO - Started process (PID=423) to work on /opt/airflow/dags/finance_dag.py
[2025-03-28T11:28:18.409+0000] {processor.py:914} INFO - Processing file /opt/airflow/dags/finance_dag.py for tasks to queue
[2025-03-28T11:28:18.412+0000] {logging_mixin.py:190} INFO - [2025-03-28T11:28:18.411+0000] {dagbag.py:588} INFO - Filling up the DagBag from /opt/airflow/dags/finance_dag.py
[2025-03-28T11:28:18.883+0000] {processor.py:925} INFO - DAG(s) 'mag7_stocks_etl' retrieved from /opt/airflow/dags/finance_dag.py
[2025-03-28T11:28:18.912+0000] {logging_mixin.py:190} INFO - [2025-03-28T11:28:18.911+0000] {dag.py:3239} INFO - Sync 1 DAGs
[2025-03-28T11:28:18.939+0000] {logging_mixin.py:190} INFO - [2025-03-28T11:28:18.938+0000] {dag.py:4180} INFO - Setting next_dagrun for mag7_stocks_etl to 2025-03-28 11:25:00+00:00, run_after=2025-03-28 11:30:00+00:00
[2025-03-28T11:28:19.198+0000] {processor.py:208} INFO - Processing /opt/airflow/dags/finance_dag.py took 0.797 seconds
[2025-03-28T11:28:49.322+0000] {processor.py:186} INFO - Started process (PID=425) to work on /opt/airflow/dags/finance_dag.py
[2025-03-28T11:28:49.323+0000] {processor.py:914} INFO - Processing file /opt/airflow/dags/finance_dag.py for tasks to queue
[2025-03-28T11:28:49.325+0000] {logging_mixin.py:190} INFO - [2025-03-28T11:28:49.325+0000] {dagbag.py:588} INFO - Filling up the DagBag from /opt/airflow/dags/finance_dag.py
[2025-03-28T11:28:49.767+0000] {processor.py:925} INFO - DAG(s) 'mag7_stocks_etl' retrieved from /opt/airflow/dags/finance_dag.py
[2025-03-28T11:28:49.796+0000] {logging_mixin.py:190} INFO - [2025-03-28T11:28:49.796+0000] {dag.py:3239} INFO - Sync 1 DAGs
[2025-03-28T11:28:49.826+0000] {logging_mixin.py:190} INFO - [2025-03-28T11:28:49.826+0000] {dag.py:4180} INFO - Setting next_dagrun for mag7_stocks_etl to 2025-03-28 11:25:00+00:00, run_after=2025-03-28 11:30:00+00:00
[2025-03-28T11:28:50.033+0000] {processor.py:208} INFO - Processing /opt/airflow/dags/finance_dag.py took 0.717 seconds
[2025-03-28T11:29:20.618+0000] {processor.py:186} INFO - Started process (PID=427) to work on /opt/airflow/dags/finance_dag.py
[2025-03-28T11:29:20.619+0000] {processor.py:914} INFO - Processing file /opt/airflow/dags/finance_dag.py for tasks to queue
[2025-03-28T11:29:20.622+0000] {logging_mixin.py:190} INFO - [2025-03-28T11:29:20.622+0000] {dagbag.py:588} INFO - Filling up the DagBag from /opt/airflow/dags/finance_dag.py
[2025-03-28T11:29:21.095+0000] {processor.py:925} INFO - DAG(s) 'mag7_stocks_etl' retrieved from /opt/airflow/dags/finance_dag.py
[2025-03-28T11:29:21.125+0000] {logging_mixin.py:190} INFO - [2025-03-28T11:29:21.125+0000] {dag.py:3239} INFO - Sync 1 DAGs
[2025-03-28T11:29:21.158+0000] {logging_mixin.py:190} INFO - [2025-03-28T11:29:21.158+0000] {dag.py:4180} INFO - Setting next_dagrun for mag7_stocks_etl to 2025-03-28 11:25:00+00:00, run_after=2025-03-28 11:30:00+00:00
[2025-03-28T11:29:21.376+0000] {processor.py:208} INFO - Processing /opt/airflow/dags/finance_dag.py took 0.764 seconds
[2025-03-28T11:29:51.738+0000] {processor.py:186} INFO - Started process (PID=429) to work on /opt/airflow/dags/finance_dag.py
[2025-03-28T11:29:51.739+0000] {processor.py:914} INFO - Processing file /opt/airflow/dags/finance_dag.py for tasks to queue
[2025-03-28T11:29:51.742+0000] {logging_mixin.py:190} INFO - [2025-03-28T11:29:51.742+0000] {dagbag.py:588} INFO - Filling up the DagBag from /opt/airflow/dags/finance_dag.py
[2025-03-28T11:29:52.280+0000] {processor.py:925} INFO - DAG(s) 'mag7_stocks_etl' retrieved from /opt/airflow/dags/finance_dag.py
[2025-03-28T11:29:52.312+0000] {logging_mixin.py:190} INFO - [2025-03-28T11:29:52.311+0000] {dag.py:3239} INFO - Sync 1 DAGs
[2025-03-28T11:29:52.348+0000] {logging_mixin.py:190} INFO - [2025-03-28T11:29:52.348+0000] {dag.py:4180} INFO - Setting next_dagrun for mag7_stocks_etl to 2025-03-28 11:25:00+00:00, run_after=2025-03-28 11:30:00+00:00
[2025-03-28T11:29:52.573+0000] {processor.py:208} INFO - Processing /opt/airflow/dags/finance_dag.py took 0.842 seconds
[2025-03-28T11:30:28.298+0000] {processor.py:186} INFO - Started process (PID=467) to work on /opt/airflow/dags/finance_dag.py
[2025-03-28T11:30:28.300+0000] {processor.py:914} INFO - Processing file /opt/airflow/dags/finance_dag.py for tasks to queue
[2025-03-28T11:30:28.302+0000] {logging_mixin.py:190} INFO - [2025-03-28T11:30:28.302+0000] {dagbag.py:588} INFO - Filling up the DagBag from /opt/airflow/dags/finance_dag.py
[2025-03-28T11:30:28.925+0000] {processor.py:925} INFO - DAG(s) 'mag7_stocks_etl' retrieved from /opt/airflow/dags/finance_dag.py
[2025-03-28T11:30:28.968+0000] {logging_mixin.py:190} INFO - [2025-03-28T11:30:28.968+0000] {dag.py:3239} INFO - Sync 1 DAGs
[2025-03-28T11:30:29.004+0000] {logging_mixin.py:190} INFO - [2025-03-28T11:30:29.004+0000] {dag.py:4180} INFO - Setting next_dagrun for mag7_stocks_etl to 2025-03-28 11:30:00+00:00, run_after=2025-03-28 11:35:00+00:00
[2025-03-28T11:30:29.299+0000] {processor.py:208} INFO - Processing /opt/airflow/dags/finance_dag.py took 1.008 seconds
[2025-03-28T11:30:59.584+0000] {processor.py:186} INFO - Started process (PID=469) to work on /opt/airflow/dags/finance_dag.py
[2025-03-28T11:30:59.585+0000] {processor.py:914} INFO - Processing file /opt/airflow/dags/finance_dag.py for tasks to queue
[2025-03-28T11:30:59.588+0000] {logging_mixin.py:190} INFO - [2025-03-28T11:30:59.587+0000] {dagbag.py:588} INFO - Filling up the DagBag from /opt/airflow/dags/finance_dag.py
[2025-03-28T11:31:00.054+0000] {processor.py:925} INFO - DAG(s) 'mag7_stocks_etl' retrieved from /opt/airflow/dags/finance_dag.py
[2025-03-28T11:31:00.079+0000] {logging_mixin.py:190} INFO - [2025-03-28T11:31:00.079+0000] {dag.py:3239} INFO - Sync 1 DAGs
[2025-03-28T11:31:00.105+0000] {logging_mixin.py:190} INFO - [2025-03-28T11:31:00.105+0000] {dag.py:4180} INFO - Setting next_dagrun for mag7_stocks_etl to 2025-03-28 11:30:00+00:00, run_after=2025-03-28 11:35:00+00:00
[2025-03-28T11:31:00.320+0000] {processor.py:208} INFO - Processing /opt/airflow/dags/finance_dag.py took 0.742 seconds
[2025-03-28T11:31:30.688+0000] {processor.py:186} INFO - Started process (PID=471) to work on /opt/airflow/dags/finance_dag.py
[2025-03-28T11:31:30.689+0000] {processor.py:914} INFO - Processing file /opt/airflow/dags/finance_dag.py for tasks to queue
[2025-03-28T11:31:30.691+0000] {logging_mixin.py:190} INFO - [2025-03-28T11:31:30.691+0000] {dagbag.py:588} INFO - Filling up the DagBag from /opt/airflow/dags/finance_dag.py
[2025-03-28T11:31:30.684+0000] {processor.py:925} INFO - DAG(s) 'mag7_stocks_etl' retrieved from /opt/airflow/dags/finance_dag.py
[2025-03-28T11:31:30.711+0000] {logging_mixin.py:190} INFO - [2025-03-28T11:31:30.711+0000] {dag.py:3239} INFO - Sync 1 DAGs
[2025-03-28T11:31:30.740+0000] {logging_mixin.py:190} INFO - [2025-03-28T11:31:30.739+0000] {dag.py:4180} INFO - Setting next_dagrun for mag7_stocks_etl to 2025-03-28 11:30:00+00:00, run_after=2025-03-28 11:35:00+00:00
[2025-03-28T11:31:31.000+0000] {processor.py:208} INFO - Processing /opt/airflow/dags/finance_dag.py took 0.820 seconds
[2025-03-28T11:32:02.124+0000] {processor.py:186} INFO - Started process (PID=473) to work on /opt/airflow/dags/finance_dag.py
[2025-03-28T11:32:02.125+0000] {processor.py:914} INFO - Processing file /opt/airflow/dags/finance_dag.py for tasks to queue
[2025-03-28T11:32:02.128+0000] {logging_mixin.py:190} INFO - [2025-03-28T11:32:02.127+0000] {dagbag.py:588} INFO - Filling up the DagBag from /opt/airflow/dags/finance_dag.py
[2025-03-28T11:32:02.589+0000] {processor.py:925} INFO - DAG(s) 'mag7_stocks_etl' retrieved from /opt/airflow/dags/finance_dag.py
[2025-03-28T11:32:02.618+0000] {logging_mixin.py:190} INFO - [2025-03-28T11:32:02.617+0000] {dag.py:3239} INFO - Sync 1 DAGs
[2025-03-28T11:32:02.646+0000] {logging_mixin.py:190} INFO - [2025-03-28T11:32:02.646+0000] {dag.py:4180} INFO - Setting next_dagrun for mag7_stocks_etl to 2025-03-28 11:30:00+00:00, run_after=2025-03-28 11:35:00+00:00
[2025-03-28T11:32:02.867+0000] {processor.py:208} INFO - Processing /opt/airflow/dags/finance_dag.py took 0.749 seconds
[2025-03-28T11:32:33.397+0000] {processor.py:186} INFO - Started process (PID=475) to work on /opt/airflow/dags/finance_dag.py
[2025-03-28T11:32:33.399+0000] {processor.py:914} INFO - Processing file /opt/airflow/dags/finance_dag.py for tasks to queue
[2025-03-28T11:32:33.401+0000] {logging_mixin.py:190} INFO - [2025-03-28T11:32:33.401+0000] {dagbag.py:588} INFO - Filling up the DagBag from /opt/airflow/dags/finance_dag.py
[2025-03-28T11:32:33.886+0000] {processor.py:925} INFO - DAG(s) 'mag7_stocks_etl' retrieved from /opt/airflow/dags/finance_dag.py
[2025-03-28T11:32:33.915+0000] {logging_mixin.py:190} INFO - [2025-03-28T11:32:33.914+0000] {dag.py:3239} INFO - Sync 1 DAGs
[2025-03-28T11:32:33.947+0000] {logging_mixin.py:190} INFO - [2025-03-28T11:32:33.946+0000] {dag.py:4180} INFO - Setting next_dagrun for mag7_stocks_etl to 2025-03-28 11:30:00+00:00, run_after=2025-03-28 11:35:00+00:00
[2025-03-28T11:32:34.132+0000] {processor.py:208} INFO - Processing /opt/airflow/dags/finance_dag.py took 0.743 seconds
[2025-03-28T11:33:00.521+0000] {processor.py:186} INFO - Started process (PID=477) to work on /opt/airflow/dags/finance_dag.py
[2025-03-28T11:33:00.522+0000] {processor.py:914} INFO - Processing file /opt/airflow/dags/finance_dag.py for tasks to queue
[2025-03-28T11:33:00.525+0000] {logging_mixin.py:190} INFO - [2025-03-28T11:33:00.524+0000] {dagbag.py:588} INFO - Filling up the DagBag from /opt/airflow/dags/finance_dag.py
[2025-03-28T11:33:01.022+0000] {processor.py:925} INFO - DAG(s) 'mag7_stocks_etl' retrieved from /opt/airflow/dags/finance_dag.py
[2025-03-28T11:33:01.053+0000] {logging_mixin.py:190} INFO - [2025-03-28T11:33:01.053+0000] {dag.py:3239} INFO - Sync 1 DAGs
[2025-03-28T11:33:01.086+0000] {logging_mixin.py:190} INFO - [2025-03-28T11:33:01.085+0000] {dag.py:4180} INFO - Setting next_dagrun for mag7_stocks_etl to 2025-03-28 11:30:00+00:00, run_after=2025-03-28 11:35:00+00:00
[2025-03-28T11:33:01.296+0000] {processor.py:208} INFO - Processing /opt/airflow/dags/finance_dag.py took 0.782 seconds
[2025-03-28T11:33:31.526+0000] {processor.py:186} INFO - Started process (PID=479) to work on /opt/airflow/dags/finance_dag.py
[2025-03-28T11:33:31.527+0000] {processor.py:914} INFO - Processing file /opt/airflow/dags/finance_dag.py for tasks to queue
[2025-03-28T11:33:31.529+0000] {logging_mixin.py:190} INFO - [2025-03-28T11:33:31.529+0000] {dagbag.py:588} INFO - Filling up the DagBag from /opt/airflow/dags/finance_dag.py
[2025-03-28T11:33:31.995+0000] {processor.py:925} INFO - DAG(s) 'mag7_stocks_etl' retrieved from /opt/airflow/dags/finance_dag.py
[2025-03-28T11:33:32.023+0000] {logging_mixin.py:190} INFO - [2025-03-28T11:33:32.023+0000] {dag.py:3239} INFO - Sync 1 DAGs
[2025-03-28T11:33:32.052+0000] {logging_mixin.py:190} INFO - [2025-03-28T11:33:32.051+0000] {dag.py:4180} INFO - Setting next_dagrun for mag7_stocks_etl to 2025-03-28 11:30:00+00:00, run_after=2025-03-28 11:35:00+00:00
[2025-03-28T11:33:32.269+0000] {processor.py:208} INFO - Processing /opt/airflow/dags/finance_dag.py took 0.750 seconds
[2025-03-28T11:33:48.720+0000] {processor.py:186} INFO - Started process (PID=481) to work on /opt/airflow/dags/finance_dag.py
[2025-03-28T11:33:48.721+0000] {processor.py:914} INFO - Processing file /opt/airflow/dags/finance_dag.py for tasks to queue
[2025-03-28T11:33:48.723+0000] {logging_mixin.py:190} INFO - [2025-03-28T11:33:48.723+0000] {dagbag.py:588} INFO - Filling up the DagBag from /opt/airflow/dags/finance_dag.py
[2025-03-28T11:33:49.286+0000] {processor.py:925} INFO - DAG(s) 'mag7_stocks_etl' retrieved from /opt/airflow/dags/finance_dag.py
[2025-03-28T11:33:49.323+0000] {logging_mixin.py:190} INFO - [2025-03-28T11:33:49.322+0000] {dag.py:3239} INFO - Sync 1 DAGs
[2025-03-28T11:33:49.351+0000] {logging_mixin.py:190} INFO - [2025-03-28T11:33:49.350+0000] {dag.py:4180} INFO - Setting next_dagrun for mag7_stocks_etl to 2025-03-28 11:30:00+00:00, run_after=2025-03-28 11:35:00+00:00
[2025-03-28T11:33:49.597+0000] {processor.py:208} INFO - Processing /opt/airflow/dags/finance_dag.py took 0.883 seconds
[2025-03-28T11:33:50.813+0000] {processor.py:186} INFO - Started process (PID=483) to work on /opt/airflow/dags/finance_dag.py
[2025-03-28T11:33:50.814+0000] {processor.py:914} INFO - Processing file /opt/airflow/dags/finance_dag.py for tasks to queue
[2025-03-28T11:33:50.817+0000] {logging_mixin.py:190} INFO - [2025-03-28T11:33:50.816+0000] {dagbag.py:588} INFO - Filling up the DagBag from /opt/airflow/dags/finance_dag.py
[2025-03-28T11:33:50.859+0000] {processor.py:925} INFO - DAG(s) 'mag7_stocks_etl' retrieved from /opt/airflow/dags/finance_dag.py
[2025-03-28T11:33:50.884+0000] {logging_mixin.py:190} INFO - [2025-03-28T11:33:50.884+0000] {dag.py:3239} INFO - Sync 1 DAGs
[2025-03-28T11:33:50.916+0000] {logging_mixin.py:190} INFO - [2025-03-28T11:33:50.915+0000] {dag.py:4180} INFO - Setting next_dagrun for mag7_stocks_etl to 2025-03-28 11:30:00+00:00, run_after=2025-03-28 11:35:00+00:00
[2025-03-28T11:33:51.104+0000] {processor.py:208} INFO - Processing /opt/airflow/dags/finance_dag.py took 0.798 seconds
[2025-03-28T11:33:52.330+0000] {processor.py:186} INFO - Started process (PID=485) to work on /opt/airflow/dags/finance_dag.py
[2025-03-28T11:33:52.331+0000] {processor.py:914} INFO - Processing file /opt/airflow/dags/finance_dag.py for tasks to queue
[2025-03-28T11:33:52.333+0000] {logging_mixin.py:190} INFO - [2025-03-28T11:33:52.333+0000] {dagbag.py:588} INFO - Filling up the DagBag from /opt/airflow/dags/finance_dag.py
[2025-03-28T11:33:52.843+0000] {processor.py:925} INFO - DAG(s) 'mag7_stocks_etl' retrieved from /opt/airflow/dags/finance_dag.py
[2025-03-28T11:33:52.874+0000] {logging_mixin.py:190} INFO - [2025-03-28T11:33:52.874+0000] {dag.py:3239} INFO - Sync 1 DAGs
[2025-03-28T11:33:52.905+0000] {logging_mixin.py:190} INFO - [2025-03-28T11:33:52.905+0000] {dag.py:4180} INFO - Setting next_dagrun for mag7_stocks_etl to 2025-03-28 11:30:00+00:00, run_after=2025-03-28 11:35:00+00:00
[2025-03-28T11:33:53.179+0000] {processor.py:208} INFO - Processing /opt/airflow/dags/finance_dag.py took 0.855 seconds
[2025-03-28T11:33:54.981+0000] {processor.py:186} INFO - Started process (PID=487) to work on /opt/airflow/dags/finance_dag.py
[2025-03-28T11:33:54.996+0000] {processor.py:914} INFO - Processing file /opt/airflow/dags/finance_dag.py for tasks to queue
[2025-03-28T11:33:55.008+0000] {logging_mixin.py:190} INFO - [2025-03-28T11:33:55.007+0000] {dagbag.py:588} INFO - Filling up the DagBag from /opt/airflow/dags/finance_dag.py
[2025-03-28T11:33:55.758+0000] {processor.py:925} INFO - DAG(s) 'mag7_stocks_etl' retrieved from /opt/airflow/dags/finance_dag.py
[2025-03-28T11:33:55.791+0000] {logging_mixin.py:190} INFO - [2025-03-28T11:33:55.791+0000] {dag.py:3239} INFO - Sync 1 DAGs
[2025-03-28T11:33:55.819+0000] {logging_mixin.py:190} INFO - [2025-03-28T11:33:55.819+0000] {dag.py:4180} INFO - Setting next_dagrun for mag7_stocks_etl to 2025-03-28 11:30:00+00:00, run_after=2025-03-28 11:35:00+00:00
[2025-03-28T11:33:56.020+0000] {processor.py:208} INFO - Processing /opt/airflow/dags/finance_dag.py took 1.049 seconds
[2025-03-28T11:34:25.980+0000] {processor.py:186} INFO - Started process (PID=489) to work on /opt/airflow/dags/finance_dag.py
[2025-03-28T11:34:25.981+0000] {processor.py:914} INFO - Processing file /opt/airflow/dags/finance_dag.py for tasks to queue
[2025-03-28T11:34:25.983+0000] {logging_mixin.py:190} INFO - [2025-03-28T11:34:25.983+0000] {dagbag.py:588} INFO - Filling up the DagBag from /opt/airflow/dags/finance_dag.py
[2025-03-28T11:34:26.505+0000] {processor.py:925} INFO - DAG(s) 'mag7_stocks_etl' retrieved from /opt/airflow/dags/finance_dag.py
[2025-03-28T11:34:26.533+0000] {logging_mixin.py:190} INFO - [2025-03-28T11:34:26.533+0000] {dag.py:3239} INFO - Sync 1 DAGs
[2025-03-28T11:34:26.565+0000] {logging_mixin.py:190} INFO - [2025-03-28T11:34:26.565+0000] {dag.py:4180} INFO - Setting next_dagrun for mag7_stocks_etl to 2025-03-28 11:30:00+00:00, run_after=2025-03-28 11:35:00+00:00
[2025-03-28T11:34:26.777+0000] {processor.py:208} INFO - Processing /opt/airflow/dags/finance_dag.py took 0.804 seconds
[2025-03-28T11:34:57.983+0000] {processor.py:186} INFO - Started process (PID=491) to work on /opt/airflow/dags/finance_dag.py
[2025-03-28T11:34:57.984+0000] {processor.py:914} INFO - Processing file /opt/airflow/dags/finance_dag.py for tasks to queue
[2025-03-28T11:34:57.987+0000] {logging_mixin.py:190} INFO - [2025-03-28T11:34:57.986+0000] {dagbag.py:588} INFO - Filling up the DagBag from /opt/airflow/dags/finance_dag.py
[2025-03-28T11:34:58.534+0000] {processor.py:925} INFO - DAG(s) 'mag7_stocks_etl' retrieved from /opt/airflow/dags/finance_dag.py
[2025-03-28T11:34:58.566+0000] {logging_mixin.py:190} INFO - [2025-03-28T11:34:58.566+0000] {dag.py:3239} INFO - Sync 1 DAGs
[2025-03-28T11:34:58.600+0000] {logging_mixin.py:190} INFO - [2025-03-28T11:34:58.599+0000] {dag.py:4180} INFO - Setting next_dagrun for mag7_stocks_etl to 2025-03-28 11:30:00+00:00, run_after=2025-03-28 11:35:00+00:00
[2025-03-28T11:34:58.804+0000] {processor.py:208} INFO - Processing /opt/airflow/dags/finance_dag.py took 0.828 seconds
[2025-03-28T11:35:29.704+0000] {processor.py:186} INFO - Started process (PID=529) to work on /opt/airflow/dags/finance_dag.py
[2025-03-28T11:35:29.705+0000] {processor.py:914} INFO - Processing file /opt/airflow/dags/finance_dag.py for tasks to queue
[2025-03-28T11:35:29.708+0000] {logging_mixin.py:190} INFO - [2025-03-28T11:35:29.707+0000] {dagbag.py:588} INFO - Filling up the DagBag from /opt/airflow/dags/finance_dag.py
[2025-03-28T11:35:30.202+0000] {processor.py:925} INFO - DAG(s) 'mag7_stocks_etl' retrieved from /opt/airflow/dags/finance_dag.py
[2025-03-28T11:35:30.234+0000] {logging_mixin.py:190} INFO - [2025-03-28T11:35:30.233+0000] {dag.py:3239} INFO - Sync 1 DAGs
[2025-03-28T11:35:30.267+0000] {logging_mixin.py:190} INFO - [2025-03-28T11:35:30.266+0000] {dag.py:4180} INFO - Setting next_dagrun for mag7_stocks_etl to 2025-03-28 11:35:00+00:00, run_after=2025-03-28 11:40:00+00:00
[2025-03-28T11:35:30.494+0000] {processor.py:208} INFO - Processing /opt/airflow/dags/finance_dag.py took 0.797 seconds
[2025-03-28T11:36:01.001+0000] {processor.py:186} INFO - Started process (PID=531) to work on /opt/airflow/dags/finance_dag.py
[2025-03-28T11:36:01.003+0000] {processor.py:914} INFO - Processing file /opt/airflow/dags/finance_dag.py for tasks to queue
[2025-03-28T11:36:01.006+0000] {logging_mixin.py:190} INFO - [2025-03-28T11:36:01.006+0000] {dagbag.py:588} INFO - Filling up the DagBag from /opt/airflow/dags/finance_dag.py
[2025-03-28T11:36:01.562+0000] {processor.py:925} INFO - DAG(s) 'mag7_stocks_etl' retrieved from /opt/airflow/dags/finance_dag.py
[2025-03-28T11:36:01.589+0000] {logging_mixin.py:190} INFO - [2025-03-28T11:36:01.589+0000] {dag.py:3239} INFO - Sync 1 DAGs
[2025-03-28T11:36:01.619+0000] {logging_mixin.py:190} INFO - [2025-03-28T11:36:01.619+0000] {dag.py:4180} INFO - Setting next_dagrun for mag7_stocks_etl to 2025-03-28 11:35:00+00:00, run_after=2025-03-28 11:40:00+00:00
[2025-03-28T11:36:01.847+0000] {processor.py:208} INFO - Processing /opt/airflow/dags/finance_dag.py took 0.866 seconds
[2025-03-28T11:36:13.577+0000] {processor.py:186} INFO - Started process (PID=533) to work on /opt/airflow/dags/finance_dag.py
[2025-03-28T11:36:13.578+0000] {processor.py:914} INFO - Processing file /opt/airflow/dags/finance_dag.py for tasks to queue
[2025-03-28T11:36:13.581+0000] {logging_mixin.py:190} INFO - [2025-03-28T11:36:13.581+0000] {dagbag.py:588} INFO - Filling up the DagBag from /opt/airflow/dags/finance_dag.py
[2025-03-28T11:36:14.167+0000] {processor.py:925} INFO - DAG(s) 'mag7_stocks_etl' retrieved from /opt/airflow/dags/finance_dag.py
[2025-03-28T11:36:14.199+0000] {logging_mixin.py:190} INFO - [2025-03-28T11:36:14.197+0000] {dag.py:3239} INFO - Sync 1 DAGs
[2025-03-28T11:36:14.230+0000] {logging_mixin.py:190} INFO - [2025-03-28T11:36:14.230+0000] {dag.py:4180} INFO - Setting next_dagrun for mag7_stocks_etl to 2025-03-28 11:35:00+00:00, run_after=2025-03-28 11:40:00+00:00
[2025-03-28T11:36:14.655+0000] {processor.py:208} INFO - Processing /opt/airflow/dags/finance_dag.py took 1.085 seconds
[2025-03-28T11:36:15.976+0000] {processor.py:186} INFO - Started process (PID=535) to work on /opt/airflow/dags/finance_dag.py
[2025-03-28T11:36:15.977+0000] {processor.py:914} INFO - Processing file /opt/airflow/dags/finance_dag.py for tasks to queue
[2025-03-28T11:36:15.980+0000] {logging_mixin.py:190} INFO - [2025-03-28T11:36:15.979+0000] {dagbag.py:588} INFO - Filling up the DagBag from /opt/airflow/dags/finance_dag.py
[2025-03-28T11:36:16.264+0000] {processor.py:925} INFO - DAG(s) 'mag7_stocks_etl' retrieved from /opt/airflow/dags/finance_dag.py
[2025-03-28T11:36:16.297+0000] {logging_mixin.py:190} INFO - [2025-03-28T11:36:16.296+0000] {dag.py:3239} INFO - Sync 1 DAGs
[2025-03-28T11:36:16.327+0000] {logging_mixin.py:190} INFO - [2025-03-28T11:36:16.327+0000] {dag.py:4180} INFO - Setting next_dagrun for mag7_stocks_etl to 2025-03-28 11:35:00+00:00, run_after=2025-03-28 11:40:00+00:00
[2025-03-28T11:36:16.537+0000] {processor.py:208} INFO - Processing /opt/airflow/dags/finance_dag.py took 0.799 seconds
[2025-03-28T11:36:17.432+0000] {processor.py:186} INFO - Started process (PID=537) to work on /opt/airflow/dags/finance_dag.py
[2025-03-28T11:36:17.433+0000] {processor.py:914} INFO - Processing file /opt/airflow/dags/finance_dag.py for tasks to queue
[2025-03-28T11:36:17.436+0000] {logging_mixin.py:190} INFO - [2025-03-28T11:36:17.435+0000] {dagbag.py:588} INFO - Filling up the DagBag from /opt/airflow/dags/finance_dag.py
[2025-03-28T11:36:17.905+0000] {processor.py:925} INFO - DAG(s) 'mag7_stocks_etl' retrieved from /opt/airflow/dags/finance_dag.py
[2025-03-28T11:36:17.936+0000] {logging_mixin.py:190} INFO - [2025-03-28T11:36:17.935+0000] {dag.py:3239} INFO - Sync 1 DAGs
[2025-03-28T11:36:17.967+0000] {logging_mixin.py:190} INFO - [2025-03-28T11:36:17.967+0000] {dag.py:4180} INFO - Setting next_dagrun for mag7_stocks_etl to 2025-03-28 11:35:00+00:00, run_after=2025-03-28 11:40:00+00:00
[2025-03-28T11:36:18.174+0000] {processor.py:208} INFO - Processing /opt/airflow/dags/finance_dag.py took 0.748 seconds
[2025-03-28T11:36:19.355+0000] {processor.py:186} INFO - Started process (PID=539) to work on /opt/airflow/dags/finance_dag.py
[2025-03-28T11:36:19.356+0000] {processor.py:914} INFO - Processing file /opt/airflow/dags/finance_dag.py for tasks to queue
[2025-03-28T11:36:19.358+0000] {logging_mixin.py:190} INFO - [2025-03-28T11:36:19.358+0000] {dagbag.py:588} INFO - Filling up the DagBag from /opt/airflow/dags/finance_dag.py
[2025-03-28T11:36:19.912+0000] {processor.py:925} INFO - DAG(s) 'mag7_stocks_etl' retrieved from /opt/airflow/dags/finance_dag.py
[2025-03-28T11:36:19.938+0000] {logging_mixin.py:190} INFO - [2025-03-28T11:36:19.937+0000] {dag.py:3239} INFO - Sync 1 DAGs
[2025-03-28T11:36:19.965+0000] {logging_mixin.py:190} INFO - [2025-03-28T11:36:19.965+0000] {dag.py:4180} INFO - Setting next_dagrun for mag7_stocks_etl to 2025-03-28 11:35:00+00:00, run_after=2025-03-28 11:40:00+00:00
[2025-03-28T11:36:20.164+0000] {processor.py:208} INFO - Processing /opt/airflow/dags/finance_dag.py took 0.815 seconds
