[2025-03-28T11:07:32.521+0000] {local_task_job_runner.py:123} INFO - ::group::Pre task execution logs
[2025-03-28T11:07:32.547+0000] {taskinstance.py:2614} INFO - Dependencies all met for dep_context=non-requeueable deps ti=<TaskInstance: mag7_stocks_etl.load_task manual__2025-03-28T11:06:15.662385+00:00 [queued]>
[2025-03-28T11:07:32.564+0000] {taskinstance.py:2614} INFO - Dependencies all met for dep_context=requeueable deps ti=<TaskInstance: mag7_stocks_etl.load_task manual__2025-03-28T11:06:15.662385+00:00 [queued]>
[2025-03-28T11:07:32.564+0000] {taskinstance.py:2867} INFO - Starting attempt 1 of 4
[2025-03-28T11:07:32.771+0000] {taskinstance.py:2890} INFO - Executing <Task(PythonOperator): load_task> on 2025-03-28 11:06:15.662385+00:00
[2025-03-28T11:07:32.784+0000] {standard_task_runner.py:104} INFO - Running: ['airflow', 'tasks', 'run', 'mag7_stocks_etl', 'load_task', 'manual__2025-03-28T11:06:15.662385+00:00', '--job-id', '28', '--raw', '--subdir', 'DAGS_FOLDER/finance_dag.py', '--cfg-path', '/tmp/tmps6jzceb3']
[2025-03-28T11:07:32.788+0000] {standard_task_runner.py:105} INFO - Job 28: Subtask load_task
[2025-03-28T11:07:32.792+0000] {logging_mixin.py:190} WARNING - /home/airflow/.local/lib/python3.12/site-packages/airflow/task/task_runner/standard_task_runner.py:70 DeprecationWarning: This process (pid=195) is multi-threaded, use of fork() may lead to deadlocks in the child.
[2025-03-28T11:07:32.793+0000] {standard_task_runner.py:72} INFO - Started process 205 to run task
[2025-03-28T11:07:33.013+0000] {task_command.py:467} INFO - Running <TaskInstance: mag7_stocks_etl.load_task manual__2025-03-28T11:06:15.662385+00:00 [running]> on host 97a79d620c66
[2025-03-28T11:07:33.076+0000] {taskinstance.py:3134} INFO - Exporting env vars: AIRFLOW_CTX_DAG_OWNER='airflow' AIRFLOW_CTX_DAG_ID='mag7_stocks_etl' AIRFLOW_CTX_TASK_ID='load_task' AIRFLOW_CTX_EXECUTION_DATE='2025-03-28T11:06:15.662385+00:00' AIRFLOW_CTX_TRY_NUMBER='1' AIRFLOW_CTX_DAG_RUN_ID='manual__2025-03-28T11:06:15.662385+00:00'
[2025-03-28T11:07:33.077+0000] {taskinstance.py:732} INFO - ::endgroup::
[2025-03-28T11:07:33.112+0000] {logging_mixin.py:190} WARNING - /opt/airflow/dags/finance_dag.py:100 FutureWarning: Passing literal json to 'read_json' is deprecated and will be removed in a future version. To read from a literal string, wrap it in a 'StringIO' object.
[2025-03-28T11:07:33.134+0000] {finance_dag.py:111} INFO - Data saved to CSV: /opt/airflow/data/mag7_stocks.csv
[2025-03-28T11:07:33.135+0000] {python.py:240} INFO - Done. Returned value was: None
[2025-03-28T11:07:33.149+0000] {taskinstance.py:341} INFO - ::group::Post task execution logs
[2025-03-28T11:07:33.150+0000] {taskinstance.py:353} INFO - Marking task as SUCCESS. dag_id=mag7_stocks_etl, task_id=load_task, run_id=manual__2025-03-28T11:06:15.662385+00:00, execution_date=20250328T110615, start_date=20250328T110732, end_date=20250328T110733
[2025-03-28T11:07:33.546+0000] {local_task_job_runner.py:266} INFO - Task exited with return code 0
[2025-03-28T11:07:33.570+0000] {taskinstance.py:3901} INFO - 0 downstream tasks scheduled from follow-on schedule check
[2025-03-28T11:07:33.572+0000] {local_task_job_runner.py:245} INFO - ::endgroup::
